Hmm ... looks like a package

This is pdfTeX, Version 3.14159265-2.6-1.40.15 (TeX Live 2014) (preloaded format=pdflatex)
 restricted \write18 enabled.
entering extended mode
LaTeX2e <2014/05/01>
Babel <3.9l> and hyphenation patterns for 9 languages loaded.
(./Rd2.tex
(/usr/share/texmf-dist/tex/latex/base/book.cls
Document Class: book 2007/10/19 v1.4h Standard LaTeX document class
(/usr/share/texmf-dist/tex/latex/base/bk10.clo))
(/usr/lib64/R/share/texmf/tex/latex/Rd.sty
(/usr/share/texmf-dist/tex/latex/base/ifthen.sty)
(/usr/share/texmf-dist/tex/latex/tools/longtable.sty)
(/usr/share/texmf-dist/tex/latex/tools/bm.sty)
(/usr/share/texmf-dist/tex/latex/base/alltt.sty)
(/usr/share/texmf-dist/tex/latex/tools/verbatim.sty)
(/usr/share/texmf-dist/tex/latex/url/url.sty)
(/usr/share/texmf-dist/tex/latex/base/textcomp.sty
(/usr/share/texmf-dist/tex/latex/base/ts1enc.def))
(/usr/share/texmf-dist/tex/latex/base/fontenc.sty
(/usr/share/texmf-dist/tex/latex/base/t1enc.def))
(/usr/share/texmf-dist/tex/latex/psnfss/times.sty)
(/usr/share/texmf-dist/tex/latex/inconsolata/zi4.sty
`inconsolata-zi4' v1.05, 2014/06/22 Text macros for Inconsolata (msharpe)
(/usr/share/texmf-dist/tex/latex/graphics/keyval.sty))
(/usr/share/texmf-dist/tex/latex/graphics/color.sty
(/usr/share/texmf-dist/tex/latex/latexconfig/color.cfg)
(/usr/share/texmf-dist/tex/latex/pdftex-def/pdftex.def
(/usr/share/texmf-dist/tex/generic/oberdiek/infwarerr.sty)
(/usr/share/texmf-dist/tex/generic/oberdiek/ltxcmds.sty)))
(/usr/share/texmf-dist/tex/latex/hyperref/hyperref.sty
(/usr/share/texmf-dist/tex/generic/oberdiek/hobsub-hyperref.sty
(/usr/share/texmf-dist/tex/generic/oberdiek/hobsub-generic.sty))
(/usr/share/texmf-dist/tex/generic/ifxetex/ifxetex.sty)
(/usr/share/texmf-dist/tex/latex/oberdiek/auxhook.sty)
(/usr/share/texmf-dist/tex/latex/oberdiek/kvoptions.sty)
(/usr/share/texmf-dist/tex/latex/hyperref/pd1enc.def)
(/usr/share/texmf-dist/tex/latex/latexconfig/hyperref.cfg))

Package hyperref Message: Driver (autodetected): hpdftex.

(/usr/share/texmf-dist/tex/latex/hyperref/hpdftex.def
(/usr/share/texmf-dist/tex/latex/oberdiek/rerunfilecheck.sty))

Package hyperref Warning: Option `hyperindex' has already been used,
(hyperref)                setting the option has no effect on input line 366.


Package hyperref Warning: Option `pagebackref' has already been used,
(hyperref)                setting the option has no effect on input line 366.

) (/usr/share/texmf-dist/tex/latex/base/makeidx.sty)
(/usr/share/texmf-dist/tex/latex/base/inputenc.sty
(/usr/share/texmf-dist/tex/latex/base/utf8.def
(/usr/share/texmf-dist/tex/latex/base/t1enc.dfu)
(/usr/share/texmf-dist/tex/latex/base/ot1enc.dfu)
(/usr/share/texmf-dist/tex/latex/base/omsenc.dfu)
(/usr/share/texmf-dist/tex/latex/base/ts1enc.dfu))
(/usr/share/texmf-dist/tex/latex/base/latin1.def))
Writing index file Rd2.idx
No file Rd2.aux.
(/usr/share/texmf-dist/tex/latex/base/ts1cmr.fd)
(/usr/share/texmf-dist/tex/latex/psnfss/t1ptm.fd)
(/usr/share/texmf-dist/tex/context/base/supp-pdf.mkii
[Loading MPS to PDF converter (version 2006.09.02).]
) (/usr/share/texmf-dist/tex/latex/hyperref/nameref.sty
(/usr/share/texmf-dist/tex/generic/oberdiek/gettitlestring.sty))
(/usr/share/texmf-dist/tex/latex/inconsolata/t1zi4.fd)
(/usr/share/texmf-dist/tex/latex/psnfss/t1phv.fd)
(/usr/share/texmf-dist/tex/latex/base/utf8.def)
(/usr/share/texmf-dist/tex/latex/base/utf8.def) [1{/var/lib/texmf/fonts/map/pdf
tex/updmap/pdftex.map}] (/usr/share/texmf-dist/tex/latex/base/utf8.def)
[2] (/usr/share/texmf-dist/tex/latex/base/utf8.def)
(/usr/share/texmf-dist/tex/latex/base/utf8.def) [3]
(/usr/share/texmf-dist/tex/latex/base/utf8.def)
(/usr/share/texmf-dist/tex/latex/base/utf8.def) [4]
(/usr/share/texmf-dist/tex/latex/base/utf8.def)
(/usr/share/texmf-dist/tex/latex/base/utf8.def) [5]
(/usr/share/texmf-dist/tex/latex/inconsolata/ts1zi4.fd)
Overfull \hbox (155.9938pt too wide) in paragraph at lines 324--328
[]\T1/ptm/m/n/10 http://algs4.cs.princeton.edu/23quicksort/ http://en.wikipedia
.org/wiki/Quicksort http://rosettacode.org/wiki/Sorting_algorithms/Quicksort
(/usr/share/texmf-dist/tex/latex/base/utf8.def) [6pdfTeX warning (ext4): destin
ation with the same identifier (name{Rfn.quicksort.list}) has been already used
, duplicate ignored

\AtBegShi@Output ...ipout \box \AtBeginShipoutBox 
                                                  \fi \fi 
l.368 h
       ttp://algs4.cs.princeton.edu/23quicksort/pdfTeX warning (ext4): destinat
ion with the same identifier (name{Rfn.quicksort}) has been already used, dupli
cate ignored

\AtBegShi@Output ...ipout \box \AtBeginShipoutBox 
                                                  \fi \fi 
l.368 h
       ttp://algs4.cs.princeton.edu/23quicksort/]
Overfull \hbox (155.9938pt too wide) in paragraph at lines 368--372
[]\T1/ptm/m/n/10 http://algs4.cs.princeton.edu/23quicksort/ http://en.wikipedia
.org/wiki/Quicksort http://rosettacode.org/wiki/Sorting_algorithms/Quicksort
(/usr/share/texmf-dist/tex/latex/base/utf8.def)
(/usr/share/texmf-dist/tex/latex/base/utf8.def) [7]
Overfull \hbox (34.78088pt too wide) in paragraph at lines 432--432
 []  \T1/zi4/m/n/10 .. .. ..- attr(*, "srcfile")=Classes \TS1/zi4/m/n/10 '\T1/z
i4/m/n/10 srcfilecopy\TS1/zi4/m/n/10 '\T1/zi4/m/n/10 , \TS1/zi4/m/n/10 '\T1/zi4
/m/n/10 srcfile\TS1/zi4/m/n/10 ' \T1/zi4/m/n/10 <environment: 0x2426380>[] 

Overfull \hbox (34.78088pt too wide) in paragraph at lines 435--435
 []  \T1/zi4/m/n/10 .. .. ..- attr(*, "srcfile")=Classes \TS1/zi4/m/n/10 '\T1/z
i4/m/n/10 srcfilecopy\TS1/zi4/m/n/10 '\T1/zi4/m/n/10 , \TS1/zi4/m/n/10 '\T1/zi4
/m/n/10 srcfile\TS1/zi4/m/n/10 ' \T1/zi4/m/n/10 <environment: 0x2426380>[] 

Overfull \hbox (34.78088pt too wide) in paragraph at lines 438--438
 []  \T1/zi4/m/n/10 .. .. ..- attr(*, "srcfile")=Classes \TS1/zi4/m/n/10 '\T1/z
i4/m/n/10 srcfilecopy\TS1/zi4/m/n/10 '\T1/zi4/m/n/10 , \TS1/zi4/m/n/10 '\T1/zi4
/m/n/10 srcfile\TS1/zi4/m/n/10 ' \T1/zi4/m/n/10 <environment: 0x2426380>[] 
(/usr/share/texmf-dist/tex/latex/base/utf8.def) [8]
(/usr/share/texmf-dist/tex/latex/base/utf8.def)
No file Rd2.ind.
[9] (./Rd2.aux)

Package rerunfilecheck Warning: File `Rd2.out' has changed.
(rerunfilecheck)                Rerun to get outlines right
(rerunfilecheck)                or use package `bookmark'.

 )
(see the transcript file for additional information){/usr/share/texmf-dist/font
s/enc/dvips/inconsolata/i4-ts1.enc}{/usr/share/texmf-dist/fonts/enc/dvips/base/
8r.enc}{/usr/share/texmf-dist/fonts/enc/dvips/inconsolata/i4-t1-0.enc}</usr/sha
re/texmf-dist/fonts/type1/public/inconsolata/Inconsolata-zi4r.pfb></usr/share/t
exmf-dist/fonts/type1/urw/helvetic/uhvr8a.pfb></usr/share/texmf-dist/fonts/type
1/urw/times/utmb8a.pfb></usr/share/texmf-dist/fonts/type1/urw/times/utmr8a.pfb>
</usr/share/texmf-dist/fonts/type1/urw/times/utmr8a.pfb></usr/share/texmf-dist/
fonts/type1/urw/times/utmri8a.pfb>
Output written on Rd2.pdf (9 pages, 84368 bytes).
Transcript written on Rd2.log.
This is makeindex, version 2.15 [TeX Live 2014] (kpathsea + Thai support).
Scanning input file Rd2.idx....done (19 entries accepted, 0 rejected).
Sorting entries....done (89 comparisons).
Generating output file Rd2.ind....done (50 lines written, 0 warnings).
Output written in Rd2.ind.
Transcript written in Rd2.ilg.
This is pdfTeX, Version 3.14159265-2.6-1.40.15 (TeX Live 2014) (preloaded format=pdflatex)
 restricted \write18 enabled.
entering extended mode
LaTeX2e <2014/05/01>
Babel <3.9l> and hyphenation patterns for 9 languages loaded.
(./Rd2.tex
(/usr/share/texmf-dist/tex/latex/base/book.cls
Document Class: book 2007/10/19 v1.4h Standard LaTeX document class
(/usr/share/texmf-dist/tex/latex/base/bk10.clo))
(/usr/lib64/R/share/texmf/tex/latex/Rd.sty
(/usr/share/texmf-dist/tex/latex/base/ifthen.sty)
(/usr/share/texmf-dist/tex/latex/tools/longtable.sty)
(/usr/share/texmf-dist/tex/latex/tools/bm.sty)
(/usr/share/texmf-dist/tex/latex/base/alltt.sty)
(/usr/share/texmf-dist/tex/latex/tools/verbatim.sty)
(/usr/share/texmf-dist/tex/latex/url/url.sty)
(/usr/share/texmf-dist/tex/latex/base/textcomp.sty
(/usr/share/texmf-dist/tex/latex/base/ts1enc.def))
(/usr/share/texmf-dist/tex/latex/base/fontenc.sty
(/usr/share/texmf-dist/tex/latex/base/t1enc.def))
(/usr/share/texmf-dist/tex/latex/psnfss/times.sty)
(/usr/share/texmf-dist/tex/latex/inconsolata/zi4.sty
`inconsolata-zi4' v1.05, 2014/06/22 Text macros for Inconsolata (msharpe)
(/usr/share/texmf-dist/tex/latex/graphics/keyval.sty))
(/usr/share/texmf-dist/tex/latex/graphics/color.sty
(/usr/share/texmf-dist/tex/latex/latexconfig/color.cfg)
(/usr/share/texmf-dist/tex/latex/pdftex-def/pdftex.def
(/usr/share/texmf-dist/tex/generic/oberdiek/infwarerr.sty)
(/usr/share/texmf-dist/tex/generic/oberdiek/ltxcmds.sty)))
(/usr/share/texmf-dist/tex/latex/hyperref/hyperref.sty
(/usr/share/texmf-dist/tex/generic/oberdiek/hobsub-hyperref.sty
(/usr/share/texmf-dist/tex/generic/oberdiek/hobsub-generic.sty))
(/usr/share/texmf-dist/tex/generic/ifxetex/ifxetex.sty)
(/usr/share/texmf-dist/tex/latex/oberdiek/auxhook.sty)
(/usr/share/texmf-dist/tex/latex/oberdiek/kvoptions.sty)
(/usr/share/texmf-dist/tex/latex/hyperref/pd1enc.def)
(/usr/share/texmf-dist/tex/latex/latexconfig/hyperref.cfg))

Package hyperref Message: Driver (autodetected): hpdftex.

(/usr/share/texmf-dist/tex/latex/hyperref/hpdftex.def
(/usr/share/texmf-dist/tex/latex/oberdiek/rerunfilecheck.sty))

Package hyperref Warning: Option `hyperindex' has already been used,
(hyperref)                setting the option has no effect on input line 366.


Package hyperref Warning: Option `pagebackref' has already been used,
(hyperref)                setting the option has no effect on input line 366.

) (/usr/share/texmf-dist/tex/latex/base/makeidx.sty)
(/usr/share/texmf-dist/tex/latex/base/inputenc.sty
(/usr/share/texmf-dist/tex/latex/base/utf8.def
(/usr/share/texmf-dist/tex/latex/base/t1enc.dfu)
(/usr/share/texmf-dist/tex/latex/base/ot1enc.dfu)
(/usr/share/texmf-dist/tex/latex/base/omsenc.dfu)
(/usr/share/texmf-dist/tex/latex/base/ts1enc.dfu))
(/usr/share/texmf-dist/tex/latex/base/latin1.def))
Writing index file Rd2.idx
(./Rd2.aux) (/usr/share/texmf-dist/tex/latex/base/ts1cmr.fd)
(/usr/share/texmf-dist/tex/latex/psnfss/t1ptm.fd)
(/usr/share/texmf-dist/tex/context/base/supp-pdf.mkii
[Loading MPS to PDF converter (version 2006.09.02).]
) (/usr/share/texmf-dist/tex/latex/hyperref/nameref.sty
(/usr/share/texmf-dist/tex/generic/oberdiek/gettitlestring.sty)) (./Rd2.out)
(./Rd2.out) (/usr/share/texmf-dist/tex/latex/inconsolata/t1zi4.fd)
(/usr/share/texmf-dist/tex/latex/psnfss/t1phv.fd) (./Rd2.toc)
(/usr/share/texmf-dist/tex/latex/base/utf8.def) [1{/var/lib/texmf/fonts/map/pdf
tex/updmap/pdftex.map}] (/usr/share/texmf-dist/tex/latex/base/utf8.def)
(/usr/share/texmf-dist/tex/latex/base/utf8.def) [2]
(/usr/share/texmf-dist/tex/latex/base/utf8.def) [3]
(/usr/share/texmf-dist/tex/latex/base/utf8.def)
(/usr/share/texmf-dist/tex/latex/base/utf8.def) [4]
(/usr/share/texmf-dist/tex/latex/base/utf8.def)
(/usr/share/texmf-dist/tex/latex/base/utf8.def) [5]
(/usr/share/texmf-dist/tex/latex/base/utf8.def)
(/usr/share/texmf-dist/tex/latex/inconsolata/ts1zi4.fd)
Overfull \hbox (155.9938pt too wide) in paragraph at lines 324--328
[]\T1/ptm/m/n/10 http://algs4.cs.princeton.edu/23quicksort/ http://en.wikipedia
.org/wiki/Quicksort http://rosettacode.org/wiki/Sorting_algorithms/Quicksort
(/usr/share/texmf-dist/tex/latex/base/utf8.def) [6]
Overfull \hbox (155.9938pt too wide) in paragraph at lines 368--372
[]\T1/ptm/m/n/10 http://algs4.cs.princeton.edu/23quicksort/ http://en.wikipedia
.org/wiki/Quicksort http://rosettacode.org/wiki/Sorting_algorithms/Quicksort
(/usr/share/texmf-dist/tex/latex/base/utf8.def) [7pdfTeX warning (ext4): destin
ation with the same identifier (name{Rfn.quicksort.list}) has been already used
, duplicate ignored

\AtBegShi@Output ...ipout \box \AtBeginShipoutBox 
                                                  \fi \fi 
l.412 \end{Value}
                 pdfTeX warning (ext4): destination with the same identifier (n
ame{Rfn.quicksort}) has been already used, duplicate ignored

\AtBegShi@Output ...ipout \box \AtBeginShipoutBox 
                                                  \fi \fi 
l.412 \end{Value}
                 ] (/usr/share/texmf-dist/tex/latex/base/utf8.def)
Overfull \hbox (34.78088pt too wide) in paragraph at lines 432--432
 []  \T1/zi4/m/n/10 .. .. ..- attr(*, "srcfile")=Classes \TS1/zi4/m/n/10 '\T1/z
i4/m/n/10 srcfilecopy\TS1/zi4/m/n/10 '\T1/zi4/m/n/10 , \TS1/zi4/m/n/10 '\T1/zi4
/m/n/10 srcfile\TS1/zi4/m/n/10 ' \T1/zi4/m/n/10 <environment: 0x2426380>[] 

Overfull \hbox (34.78088pt too wide) in paragraph at lines 435--435
 []  \T1/zi4/m/n/10 .. .. ..- attr(*, "srcfile")=Classes \TS1/zi4/m/n/10 '\T1/z
i4/m/n/10 srcfilecopy\TS1/zi4/m/n/10 '\T1/zi4/m/n/10 , \TS1/zi4/m/n/10 '\T1/zi4
/m/n/10 srcfile\TS1/zi4/m/n/10 ' \T1/zi4/m/n/10 <environment: 0x2426380>[] 

Overfull \hbox (34.78088pt too wide) in paragraph at lines 438--438
 []  \T1/zi4/m/n/10 .. .. ..- attr(*, "srcfile")=Classes \TS1/zi4/m/n/10 '\T1/z
i4/m/n/10 srcfilecopy\TS1/zi4/m/n/10 '\T1/zi4/m/n/10 , \TS1/zi4/m/n/10 '\T1/zi4
/m/n/10 srcfile\TS1/zi4/m/n/10 ' \T1/zi4/m/n/10 <environment: 0x2426380>[] 
(/usr/share/texmf-dist/tex/latex/base/utf8.def) [8]
(/usr/share/texmf-dist/tex/latex/base/utf8.def) (./Rd2.ind [9]

LaTeX Font Warning: Font shape `T1/zi4/m/it' undefined
(Font)              using `T1/zi4/m/n' instead on input line 13.

[10]) (./Rd2.aux)

Package rerunfilecheck Warning: File `Rd2.out' has changed.
(rerunfilecheck)                Rerun to get outlines right
(rerunfilecheck)                or use package `bookmark'.


LaTeX Font Warning: Some font shapes were not available, defaults substituted.

 )
(see the transcript file for additional information){/usr/share/texmf-dist/font
s/enc/dvips/inconsolata/i4-ts1.enc}{/usr/share/texmf-dist/fonts/enc/dvips/base/
8r.enc}{/usr/share/texmf-dist/fonts/enc/dvips/inconsolata/i4-t1-0.enc}</usr/sha
re/texmf-dist/fonts/type1/public/inconsolata/Inconsolata-zi4r.pfb></usr/share/t
exmf-dist/fonts/type1/public/amsfonts/cm/cmsy10.pfb></usr/share/texmf-dist/font
s/type1/urw/helvetic/uhvr8a.pfb></usr/share/texmf-dist/fonts/type1/urw/times/ut
mb8a.pfb></usr/share/texmf-dist/fonts/type1/urw/times/utmr8a.pfb></usr/share/te
xmf-dist/fonts/type1/urw/times/utmr8a.pfb></usr/share/texmf-dist/fonts/type1/ur
w/times/utmri8a.pfb>
Output written on Rd2.pdf (10 pages, 95311 bytes).
Transcript written on Rd2.log.
This is makeindex, version 2.15 [TeX Live 2014] (kpathsea + Thai support).
Scanning input file Rd2.idx....done (19 entries accepted, 0 rejected).
Sorting entries....done (89 comparisons).
Generating output file Rd2.ind....done (50 lines written, 0 warnings).
Output written in Rd2.ind.
Transcript written in Rd2.ilg.
This is pdfTeX, Version 3.14159265-2.6-1.40.15 (TeX Live 2014) (preloaded format=pdflatex)
 restricted \write18 enabled.
entering extended mode
LaTeX2e <2014/05/01>
Babel <3.9l> and hyphenation patterns for 9 languages loaded.
(./Rd2.tex
(/usr/share/texmf-dist/tex/latex/base/book.cls
Document Class: book 2007/10/19 v1.4h Standard LaTeX document class
(/usr/share/texmf-dist/tex/latex/base/bk10.clo))
(/usr/lib64/R/share/texmf/tex/latex/Rd.sty
(/usr/share/texmf-dist/tex/latex/base/ifthen.sty)
(/usr/share/texmf-dist/tex/latex/tools/longtable.sty)
(/usr/share/texmf-dist/tex/latex/tools/bm.sty)
(/usr/share/texmf-dist/tex/latex/base/alltt.sty)
(/usr/share/texmf-dist/tex/latex/tools/verbatim.sty)
(/usr/share/texmf-dist/tex/latex/url/url.sty)
(/usr/share/texmf-dist/tex/latex/base/textcomp.sty
(/usr/share/texmf-dist/tex/latex/base/ts1enc.def))
(/usr/share/texmf-dist/tex/latex/base/fontenc.sty
(/usr/share/texmf-dist/tex/latex/base/t1enc.def))
(/usr/share/texmf-dist/tex/latex/psnfss/times.sty)
(/usr/share/texmf-dist/tex/latex/inconsolata/zi4.sty
`inconsolata-zi4' v1.05, 2014/06/22 Text macros for Inconsolata (msharpe)
(/usr/share/texmf-dist/tex/latex/graphics/keyval.sty))
(/usr/share/texmf-dist/tex/latex/graphics/color.sty
(/usr/share/texmf-dist/tex/latex/latexconfig/color.cfg)
(/usr/share/texmf-dist/tex/latex/pdftex-def/pdftex.def
(/usr/share/texmf-dist/tex/generic/oberdiek/infwarerr.sty)
(/usr/share/texmf-dist/tex/generic/oberdiek/ltxcmds.sty)))
(/usr/share/texmf-dist/tex/latex/hyperref/hyperref.sty
(/usr/share/texmf-dist/tex/generic/oberdiek/hobsub-hyperref.sty
(/usr/share/texmf-dist/tex/generic/oberdiek/hobsub-generic.sty))
(/usr/share/texmf-dist/tex/generic/ifxetex/ifxetex.sty)
(/usr/share/texmf-dist/tex/latex/oberdiek/auxhook.sty)
(/usr/share/texmf-dist/tex/latex/oberdiek/kvoptions.sty)
(/usr/share/texmf-dist/tex/latex/hyperref/pd1enc.def)
(/usr/share/texmf-dist/tex/latex/latexconfig/hyperref.cfg))

Package hyperref Message: Driver (autodetected): hpdftex.

(/usr/share/texmf-dist/tex/latex/hyperref/hpdftex.def
(/usr/share/texmf-dist/tex/latex/oberdiek/rerunfilecheck.sty))

Package hyperref Warning: Option `hyperindex' has already been used,
(hyperref)                setting the option has no effect on input line 366.


Package hyperref Warning: Option `pagebackref' has already been used,
(hyperref)                setting the option has no effect on input line 366.

) (/usr/share/texmf-dist/tex/latex/base/makeidx.sty)
(/usr/share/texmf-dist/tex/latex/base/inputenc.sty
(/usr/share/texmf-dist/tex/latex/base/utf8.def
(/usr/share/texmf-dist/tex/latex/base/t1enc.dfu)
(/usr/share/texmf-dist/tex/latex/base/ot1enc.dfu)
(/usr/share/texmf-dist/tex/latex/base/omsenc.dfu)
(/usr/share/texmf-dist/tex/latex/base/ts1enc.dfu))
(/usr/share/texmf-dist/tex/latex/base/latin1.def))
Writing index file Rd2.idx
(./Rd2.aux) (/usr/share/texmf-dist/tex/latex/base/ts1cmr.fd)
(/usr/share/texmf-dist/tex/latex/psnfss/t1ptm.fd)
(/usr/share/texmf-dist/tex/context/base/supp-pdf.mkii
[Loading MPS to PDF converter (version 2006.09.02).]
) (/usr/share/texmf-dist/tex/latex/hyperref/nameref.sty
(/usr/share/texmf-dist/tex/generic/oberdiek/gettitlestring.sty)) (./Rd2.out)
(./Rd2.out) (/usr/share/texmf-dist/tex/latex/inconsolata/t1zi4.fd)
(/usr/share/texmf-dist/tex/latex/psnfss/t1phv.fd) (./Rd2.toc)
(/usr/share/texmf-dist/tex/latex/base/utf8.def) [1{/var/lib/texmf/fonts/map/pdf
tex/updmap/pdftex.map}] (/usr/share/texmf-dist/tex/latex/base/utf8.def)
(/usr/share/texmf-dist/tex/latex/base/utf8.def) [2]
(/usr/share/texmf-dist/tex/latex/base/utf8.def) [3]
(/usr/share/texmf-dist/tex/latex/base/utf8.def)
(/usr/share/texmf-dist/tex/latex/base/utf8.def) [4]
(/usr/share/texmf-dist/tex/latex/base/utf8.def)
(/usr/share/texmf-dist/tex/latex/base/utf8.def) [5]
(/usr/share/texmf-dist/tex/latex/base/utf8.def)
(/usr/share/texmf-dist/tex/latex/inconsolata/ts1zi4.fd)
Overfull \hbox (155.9938pt too wide) in paragraph at lines 324--328
[]\T1/ptm/m/n/10 http://algs4.cs.princeton.edu/23quicksort/ http://en.wikipedia
.org/wiki/Quicksort http://rosettacode.org/wiki/Sorting_algorithms/Quicksort
(/usr/share/texmf-dist/tex/latex/base/utf8.def) [6]
Overfull \hbox (155.9938pt too wide) in paragraph at lines 368--372
[]\T1/ptm/m/n/10 http://algs4.cs.princeton.edu/23quicksort/ http://en.wikipedia
.org/wiki/Quicksort http://rosettacode.org/wiki/Sorting_algorithms/Quicksort
(/usr/share/texmf-dist/tex/latex/base/utf8.def) [7pdfTeX warning (ext4): destin
ation with the same identifier (name{Rfn.quicksort.list}) has been already used
, duplicate ignored

\AtBegShi@Output ...ipout \box \AtBeginShipoutBox 
                                                  \fi \fi 
l.412 \end{Value}
                 pdfTeX warning (ext4): destination with the same identifier (n
ame{Rfn.quicksort}) has been already used, duplicate ignored

\AtBegShi@Output ...ipout \box \AtBeginShipoutBox 
                                                  \fi \fi 
l.412 \end{Value}
                 ] (/usr/share/texmf-dist/tex/latex/base/utf8.def)
Overfull \hbox (34.78088pt too wide) in paragraph at lines 432--432
 []  \T1/zi4/m/n/10 .. .. ..- attr(*, "srcfile")=Classes \TS1/zi4/m/n/10 '\T1/z
i4/m/n/10 srcfilecopy\TS1/zi4/m/n/10 '\T1/zi4/m/n/10 , \TS1/zi4/m/n/10 '\T1/zi4
/m/n/10 srcfile\TS1/zi4/m/n/10 ' \T1/zi4/m/n/10 <environment: 0x2426380>[] 

Overfull \hbox (34.78088pt too wide) in paragraph at lines 435--435
 []  \T1/zi4/m/n/10 .. .. ..- attr(*, "srcfile")=Classes \TS1/zi4/m/n/10 '\T1/z
i4/m/n/10 srcfilecopy\TS1/zi4/m/n/10 '\T1/zi4/m/n/10 , \TS1/zi4/m/n/10 '\T1/zi4
/m/n/10 srcfile\TS1/zi4/m/n/10 ' \T1/zi4/m/n/10 <environment: 0x2426380>[] 

Overfull \hbox (34.78088pt too wide) in paragraph at lines 438--438
 []  \T1/zi4/m/n/10 .. .. ..- attr(*, "srcfile")=Classes \TS1/zi4/m/n/10 '\T1/z
i4/m/n/10 srcfilecopy\TS1/zi4/m/n/10 '\T1/zi4/m/n/10 , \TS1/zi4/m/n/10 '\T1/zi4
/m/n/10 srcfile\TS1/zi4/m/n/10 ' \T1/zi4/m/n/10 <environment: 0x2426380>[] 
(/usr/share/texmf-dist/tex/latex/base/utf8.def) [8]
(/usr/share/texmf-dist/tex/latex/base/utf8.def) (./Rd2.ind [9]

LaTeX Font Warning: Font shape `T1/zi4/m/it' undefined
(Font)              using `T1/zi4/m/n' instead on input line 13.

[10]) (./Rd2.aux)

LaTeX Font Warning: Some font shapes were not available, defaults substituted.

 )
(see the transcript file for additional information){/usr/share/texmf-dist/font
s/enc/dvips/inconsolata/i4-ts1.enc}{/usr/share/texmf-dist/fonts/enc/dvips/base/
8r.enc}{/usr/share/texmf-dist/fonts/enc/dvips/inconsolata/i4-t1-0.enc}</usr/sha
re/texmf-dist/fonts/type1/public/inconsolata/Inconsolata-zi4r.pfb></usr/share/t
exmf-dist/fonts/type1/public/amsfonts/cm/cmsy10.pfb></usr/share/texmf-dist/font
s/type1/urw/helvetic/uhvr8a.pfb></usr/share/texmf-dist/fonts/type1/urw/times/ut
mb8a.pfb></usr/share/texmf-dist/fonts/type1/urw/times/utmr8a.pfb></usr/share/te
xmf-dist/fonts/type1/urw/times/utmr8a.pfb></usr/share/texmf-dist/fonts/type1/ur
w/times/utmri8a.pfb>
Output written on Rd2.pdf (10 pages, 95517 bytes).
Transcript written on Rd2.log.
Saving output to 'integrator-manual.pdf' ...
Done
You may want to clean up by 'rm -rf /tmp/Rtmp3ETbEq/Rd2pdf31647128fc4c'
